{"C:\\Users\\sanglap kundu\\OneDrive\\Desktop\\WalletManagementSystemBackend\\controllers\\authController.js": {"path":"C:\\Users\\sanglap kundu\\OneDrive\\Desktop\\WalletManagementSystemBackend\\controllers\\authController.js","statementMap":{"0":{"start":{"line":1,"column":13},"end":{"line":1,"column":38}},"1":{"start":{"line":2,"column":15},"end":{"line":2,"column":34}},"2":{"start":{"line":3,"column":22},"end":{"line":3,"column":55}},"3":{"start":{"line":4,"column":15},"end":{"line":4,"column":42}},"4":{"start":{"line":7,"column":17},"end":{"line":46,"column":1}},"5":{"start":{"line":8,"column":52},"end":{"line":8,"column":60}},"6":{"start":{"line":10,"column":2},"end":{"line":45,"column":3}},"7":{"start":{"line":11,"column":23},"end":{"line":11,"column":52}},"8":{"start":{"line":12,"column":4},"end":{"line":13,"column":70}},"9":{"start":{"line":13,"column":6},"end":{"line":13,"column":70}},"10":{"start":{"line":15,"column":27},"end":{"line":15,"column":58}},"11":{"start":{"line":16,"column":20},"end":{"line":22,"column":6}},"12":{"start":{"line":24,"column":22},"end":{"line":26,"column":6}},"13":{"start":{"line":28,"column":4},"end":{"line":41,"column":7}},"14":{"start":{"line":43,"column":4},"end":{"line":43,"column":23}},"15":{"start":{"line":44,"column":4},"end":{"line":44,"column":54}},"16":{"start":{"line":49,"column":14},"end":{"line":79,"column":1}},"17":{"start":{"line":50,"column":30},"end":{"line":50,"column":38}},"18":{"start":{"line":52,"column":2},"end":{"line":78,"column":3}},"19":{"start":{"line":53,"column":17},"end":{"line":53,"column":46}},"20":{"start":{"line":54,"column":4},"end":{"line":54,"column":79}},"21":{"start":{"line":54,"column":15},"end":{"line":54,"column":79}},"22":{"start":{"line":56,"column":20},"end":{"line":56,"column":65}},"23":{"start":{"line":57,"column":4},"end":{"line":58,"column":70}},"24":{"start":{"line":58,"column":6},"end":{"line":58,"column":70}},"25":{"start":{"line":60,"column":19},"end":{"line":60,"column":59}},"26":{"start":{"line":62,"column":4},"end":{"line":75,"column":7}},"27":{"start":{"line":77,"column":4},"end":{"line":77,"column":54}},"28":{"start":{"line":82,"column":15},"end":{"line":84,"column":1}},"29":{"start":{"line":83,"column":2},"end":{"line":83,"column":56}},"30":{"start":{"line":86,"column":15},"end":{"line":104,"column":1}},"31":{"start":{"line":87,"column":42},"end":{"line":87,"column":50}},"32":{"start":{"line":88,"column":2},"end":{"line":103,"column":3}},"33":{"start":{"line":89,"column":27},"end":{"line":94,"column":5}},"34":{"start":{"line":95,"column":17},"end":{"line":98,"column":6}},"35":{"start":{"line":100,"column":4},"end":{"line":100,"column":41}},"36":{"start":{"line":102,"column":4},"end":{"line":102,"column":71}},"37":{"start":{"line":106,"column":17},"end":{"line":128,"column":1}},"38":{"start":{"line":107,"column":2},"end":{"line":127,"column":3}},"39":{"start":{"line":108,"column":26},"end":{"line":108,"column":49}},"40":{"start":{"line":110,"column":18},"end":{"line":110,"column":73}},"41":{"start":{"line":111,"column":20},"end":{"line":111,"column":46}},"42":{"start":{"line":113,"column":22},"end":{"line":116,"column":10}},"43":{"start":{"line":114,"column":6},"end":{"line":114,"column":58}},"44":{"start":{"line":115,"column":6},"end":{"line":115,"column":17}},"45":{"start":{"line":118,"column":29},"end":{"line":121,"column":7}},"46":{"start":{"line":118,"column":50},"end":{"line":121,"column":5}},"47":{"start":{"line":123,"column":4},"end":{"line":123,"column":43}},"48":{"start":{"line":125,"column":4},"end":{"line":125,"column":50}},"49":{"start":{"line":126,"column":4},"end":{"line":126,"column":63}},"50":{"start":{"line":130,"column":0},"end":{"line":130,"column":63}}},"fnMap":{"0":{"name":"(anonymous_0)","decl":{"start":{"line":7,"column":17},"end":{"line":7,"column":18}},"loc":{"start":{"line":7,"column":37},"end":{"line":46,"column":1}},"line":7},"1":{"name":"(anonymous_1)","decl":{"start":{"line":49,"column":14},"end":{"line":49,"column":15}},"loc":{"start":{"line":49,"column":34},"end":{"line":79,"column":1}},"line":49},"2":{"name":"(anonymous_2)","decl":{"start":{"line":82,"column":15},"end":{"line":82,"column":16}},"loc":{"start":{"line":82,"column":29},"end":{"line":84,"column":1}},"line":82},"3":{"name":"(anonymous_3)","decl":{"start":{"line":86,"column":15},"end":{"line":86,"column":16}},"loc":{"start":{"line":86,"column":41},"end":{"line":104,"column":1}},"line":86},"4":{"name":"(anonymous_4)","decl":{"start":{"line":106,"column":17},"end":{"line":106,"column":18}},"loc":{"start":{"line":106,"column":37},"end":{"line":128,"column":1}},"line":106},"5":{"name":"(anonymous_5)","decl":{"start":{"line":113,"column":37},"end":{"line":113,"column":38}},"loc":{"start":{"line":113,"column":54},"end":{"line":116,"column":5}},"line":113},"6":{"name":"(anonymous_6)","decl":{"start":{"line":118,"column":39},"end":{"line":118,"column":40}},"loc":{"start":{"line":118,"column":50},"end":{"line":121,"column":5}},"line":118}},"branchMap":{"0":{"loc":{"start":{"line":12,"column":4},"end":{"line":13,"column":70}},"type":"if","locations":[{"start":{"line":12,"column":4},"end":{"line":13,"column":70}},{"start":{},"end":{}}],"line":12},"1":{"loc":{"start":{"line":54,"column":4},"end":{"line":54,"column":79}},"type":"if","locations":[{"start":{"line":54,"column":4},"end":{"line":54,"column":79}},{"start":{},"end":{}}],"line":54},"2":{"loc":{"start":{"line":57,"column":4},"end":{"line":58,"column":70}},"type":"if","locations":[{"start":{"line":57,"column":4},"end":{"line":58,"column":70}},{"start":{},"end":{}}],"line":57},"3":{"loc":{"start":{"line":120,"column":16},"end":{"line":120,"column":55}},"type":"binary-expr","locations":[{"start":{"line":120,"column":16},"end":{"line":120,"column":46}},{"start":{"line":120,"column":50},"end":{"line":120,"column":55}}],"line":120}},"s":{"0":1,"1":1,"2":1,"3":1,"4":1,"5":2,"6":2,"7":2,"8":2,"9":1,"10":1,"11":1,"12":1,"13":1,"14":0,"15":0,"16":1,"17":0,"18":0,"19":0,"20":0,"21":0,"22":0,"23":0,"24":0,"25":0,"26":0,"27":0,"28":1,"29":0,"30":1,"31":0,"32":0,"33":0,"34":0,"35":0,"36":0,"37":1,"38":0,"39":0,"40":0,"41":0,"42":0,"43":0,"44":0,"45":0,"46":0,"47":0,"48":0,"49":0,"50":1},"f":{"0":2,"1":0,"2":0,"3":0,"4":0,"5":0,"6":0},"b":{"0":[1,1],"1":[0,0],"2":[0,0],"3":[0,0]},"_coverageSchema":"1a1c01bbd47fc00a2c39e90264f33305004495a9","hash":"54fcd441a895aa74c861fb99485bd42ec42b8b68"}
,"C:\\Users\\sanglap kundu\\OneDrive\\Desktop\\WalletManagementSystemBackend\\controllers\\requestController.js": {"path":"C:\\Users\\sanglap kundu\\OneDrive\\Desktop\\WalletManagementSystemBackend\\controllers\\requestController.js","statementMap":{"0":{"start":{"line":1,"column":15},"end":{"line":1,"column":42}},"1":{"start":{"line":2,"column":20},"end":{"line":2,"column":52}},"2":{"start":{"line":3,"column":13},"end":{"line":3,"column":38}},"3":{"start":{"line":5,"column":21},"end":{"line":44,"column":1}},"4":{"start":{"line":6,"column":2},"end":{"line":43,"column":3}},"5":{"start":{"line":7,"column":42},"end":{"line":7,"column":50}},"6":{"start":{"line":9,"column":4},"end":{"line":13,"column":5}},"7":{"start":{"line":10,"column":6},"end":{"line":12,"column":62}},"8":{"start":{"line":15,"column":27},"end":{"line":15,"column":60}},"9":{"start":{"line":16,"column":4},"end":{"line":17,"column":67}},"10":{"start":{"line":17,"column":6},"end":{"line":17,"column":67}},"11":{"start":{"line":19,"column":24},"end":{"line":26,"column":6}},"12":{"start":{"line":28,"column":4},"end":{"line":32,"column":6}},"13":{"start":{"line":34,"column":4},"end":{"line":37,"column":7}},"14":{"start":{"line":39,"column":4},"end":{"line":42,"column":7}},"15":{"start":{"line":46,"column":23},"end":{"line":68,"column":1}},"16":{"start":{"line":47,"column":2},"end":{"line":67,"column":3}},"17":{"start":{"line":48,"column":21},"end":{"line":55,"column":42}},"18":{"start":{"line":57,"column":4},"end":{"line":61,"column":7}},"19":{"start":{"line":63,"column":4},"end":{"line":66,"column":7}},"20":{"start":{"line":70,"column":22},"end":{"line":145,"column":1}},"21":{"start":{"line":71,"column":2},"end":{"line":144,"column":3}},"22":{"start":{"line":72,"column":24},"end":{"line":72,"column":65}},"23":{"start":{"line":74,"column":4},"end":{"line":79,"column":5}},"24":{"start":{"line":75,"column":6},"end":{"line":78,"column":9}},"25":{"start":{"line":82,"column":4},"end":{"line":87,"column":5}},"26":{"start":{"line":83,"column":6},"end":{"line":86,"column":9}},"27":{"start":{"line":90,"column":4},"end":{"line":95,"column":5}},"28":{"start":{"line":91,"column":6},"end":{"line":94,"column":9}},"29":{"start":{"line":97,"column":28},"end":{"line":97,"column":72}},"30":{"start":{"line":99,"column":4},"end":{"line":104,"column":5}},"31":{"start":{"line":100,"column":6},"end":{"line":103,"column":9}},"32":{"start":{"line":106,"column":25},"end":{"line":108,"column":6}},"33":{"start":{"line":110,"column":4},"end":{"line":115,"column":5}},"34":{"start":{"line":111,"column":6},"end":{"line":114,"column":9}},"35":{"start":{"line":117,"column":4},"end":{"line":117,"column":37}},"36":{"start":{"line":118,"column":4},"end":{"line":118,"column":29}},"37":{"start":{"line":120,"column":4},"end":{"line":120,"column":55}},"38":{"start":{"line":121,"column":4},"end":{"line":121,"column":58}},"39":{"start":{"line":123,"column":4},"end":{"line":123,"column":30}},"40":{"start":{"line":124,"column":4},"end":{"line":124,"column":33}},"41":{"start":{"line":127,"column":4},"end":{"line":129,"column":7}},"42":{"start":{"line":131,"column":4},"end":{"line":133,"column":7}},"43":{"start":{"line":135,"column":4},"end":{"line":138,"column":7}},"44":{"start":{"line":140,"column":4},"end":{"line":143,"column":7}},"45":{"start":{"line":147,"column":20},"end":{"line":187,"column":1}},"46":{"start":{"line":148,"column":2},"end":{"line":186,"column":3}},"47":{"start":{"line":149,"column":24},"end":{"line":149,"column":65}},"48":{"start":{"line":151,"column":4},"end":{"line":156,"column":5}},"49":{"start":{"line":152,"column":6},"end":{"line":155,"column":9}},"50":{"start":{"line":159,"column":4},"end":{"line":164,"column":5}},"51":{"start":{"line":160,"column":6},"end":{"line":163,"column":9}},"52":{"start":{"line":167,"column":4},"end":{"line":172,"column":5}},"53":{"start":{"line":168,"column":6},"end":{"line":171,"column":9}},"54":{"start":{"line":174,"column":4},"end":{"line":174,"column":36}},"55":{"start":{"line":175,"column":4},"end":{"line":175,"column":29}},"56":{"start":{"line":177,"column":4},"end":{"line":180,"column":7}},"57":{"start":{"line":182,"column":4},"end":{"line":185,"column":7}},"58":{"start":{"line":189,"column":0},"end":{"line":189,"column":78}}},"fnMap":{"0":{"name":"(anonymous_0)","decl":{"start":{"line":5,"column":21},"end":{"line":5,"column":22}},"loc":{"start":{"line":5,"column":41},"end":{"line":44,"column":1}},"line":5},"1":{"name":"(anonymous_1)","decl":{"start":{"line":46,"column":23},"end":{"line":46,"column":24}},"loc":{"start":{"line":46,"column":43},"end":{"line":68,"column":1}},"line":46},"2":{"name":"(anonymous_2)","decl":{"start":{"line":70,"column":22},"end":{"line":70,"column":23}},"loc":{"start":{"line":70,"column":42},"end":{"line":145,"column":1}},"line":70},"3":{"name":"(anonymous_3)","decl":{"start":{"line":147,"column":20},"end":{"line":147,"column":21}},"loc":{"start":{"line":147,"column":40},"end":{"line":187,"column":1}},"line":147}},"branchMap":{"0":{"loc":{"start":{"line":9,"column":4},"end":{"line":13,"column":5}},"type":"if","locations":[{"start":{"line":9,"column":4},"end":{"line":13,"column":5}},{"start":{},"end":{}}],"line":9},"1":{"loc":{"start":{"line":9,"column":8},"end":{"line":9,"column":55}},"type":"binary-expr","locations":[{"start":{"line":9,"column":8},"end":{"line":9,"column":19}},{"start":{"line":9,"column":23},"end":{"line":9,"column":30}},{"start":{"line":9,"column":34},"end":{"line":9,"column":40}},{"start":{"line":9,"column":44},"end":{"line":9,"column":55}}],"line":9},"2":{"loc":{"start":{"line":16,"column":4},"end":{"line":17,"column":67}},"type":"if","locations":[{"start":{"line":16,"column":4},"end":{"line":17,"column":67}},{"start":{},"end":{}}],"line":16},"3":{"loc":{"start":{"line":16,"column":8},"end":{"line":16,"column":62}},"type":"binary-expr","locations":[{"start":{"line":16,"column":8},"end":{"line":16,"column":43}},{"start":{"line":16,"column":47},"end":{"line":16,"column":62}}],"line":16},"4":{"loc":{"start":{"line":74,"column":4},"end":{"line":79,"column":5}},"type":"if","locations":[{"start":{"line":74,"column":4},"end":{"line":79,"column":5}},{"start":{},"end":{}}],"line":74},"5":{"loc":{"start":{"line":82,"column":4},"end":{"line":87,"column":5}},"type":"if","locations":[{"start":{"line":82,"column":4},"end":{"line":87,"column":5}},{"start":{},"end":{}}],"line":82},"6":{"loc":{"start":{"line":90,"column":4},"end":{"line":95,"column":5}},"type":"if","locations":[{"start":{"line":90,"column":4},"end":{"line":95,"column":5}},{"start":{},"end":{}}],"line":90},"7":{"loc":{"start":{"line":99,"column":4},"end":{"line":104,"column":5}},"type":"if","locations":[{"start":{"line":99,"column":4},"end":{"line":104,"column":5}},{"start":{},"end":{}}],"line":99},"8":{"loc":{"start":{"line":99,"column":8},"end":{"line":99,"column":72}},"type":"binary-expr","locations":[{"start":{"line":99,"column":8},"end":{"line":99,"column":24}},{"start":{"line":99,"column":28},"end":{"line":99,"column":72}}],"line":99},"9":{"loc":{"start":{"line":110,"column":4},"end":{"line":115,"column":5}},"type":"if","locations":[{"start":{"line":110,"column":4},"end":{"line":115,"column":5}},{"start":{},"end":{}}],"line":110},"10":{"loc":{"start":{"line":151,"column":4},"end":{"line":156,"column":5}},"type":"if","locations":[{"start":{"line":151,"column":4},"end":{"line":156,"column":5}},{"start":{},"end":{}}],"line":151},"11":{"loc":{"start":{"line":159,"column":4},"end":{"line":164,"column":5}},"type":"if","locations":[{"start":{"line":159,"column":4},"end":{"line":164,"column":5}},{"start":{},"end":{}}],"line":159},"12":{"loc":{"start":{"line":167,"column":4},"end":{"line":172,"column":5}},"type":"if","locations":[{"start":{"line":167,"column":4},"end":{"line":172,"column":5}},{"start":{},"end":{}}],"line":167}},"s":{"0":0,"1":0,"2":0,"3":0,"4":0,"5":0,"6":0,"7":0,"8":0,"9":0,"10":0,"11":0,"12":0,"13":0,"14":0,"15":0,"16":0,"17":0,"18":0,"19":0,"20":0,"21":0,"22":0,"23":0,"24":0,"25":0,"26":0,"27":0,"28":0,"29":0,"30":0,"31":0,"32":0,"33":0,"34":0,"35":0,"36":0,"37":0,"38":0,"39":0,"40":0,"41":0,"42":0,"43":0,"44":0,"45":0,"46":0,"47":0,"48":0,"49":0,"50":0,"51":0,"52":0,"53":0,"54":0,"55":0,"56":0,"57":0,"58":0},"f":{"0":0,"1":0,"2":0,"3":0},"b":{"0":[0,0],"1":[0,0,0,0],"2":[0,0],"3":[0,0],"4":[0,0],"5":[0,0],"6":[0,0],"7":[0,0],"8":[0,0],"9":[0,0],"10":[0,0],"11":[0,0],"12":[0,0]}}
,"C:\\Users\\sanglap kundu\\OneDrive\\Desktop\\WalletManagementSystemBackend\\controllers\\transactionController.js": {"path":"C:\\Users\\sanglap kundu\\OneDrive\\Desktop\\WalletManagementSystemBackend\\controllers\\transactionController.js","statementMap":{"0":{"start":{"line":1,"column":15},"end":{"line":1,"column":42}},"1":{"start":{"line":2,"column":20},"end":{"line":2,"column":52}},"2":{"start":{"line":3,"column":13},"end":{"line":3,"column":38}},"3":{"start":{"line":4,"column":17},"end":{"line":4,"column":36}},"4":{"start":{"line":6,"column":22},"end":{"line":72,"column":1}},"5":{"start":{"line":7,"column":51},"end":{"line":7,"column":59}},"6":{"start":{"line":8,"column":2},"end":{"line":71,"column":3}},"7":{"start":{"line":9,"column":4},"end":{"line":10,"column":78}},"8":{"start":{"line":10,"column":6},"end":{"line":10,"column":78}},"9":{"start":{"line":12,"column":25},"end":{"line":12,"column":69}},"10":{"start":{"line":13,"column":4},"end":{"line":15,"column":5}},"11":{"start":{"line":14,"column":6},"end":{"line":14,"column":69}},"12":{"start":{"line":17,"column":28},"end":{"line":17,"column":62}},"13":{"start":{"line":19,"column":4},"end":{"line":21,"column":5}},"14":{"start":{"line":20,"column":6},"end":{"line":20,"column":77}},"15":{"start":{"line":23,"column":28},"end":{"line":23,"column":48}},"16":{"start":{"line":24,"column":22},"end":{"line":24,"column":58}},"17":{"start":{"line":25,"column":19},"end":{"line":25,"column":27}},"18":{"start":{"line":27,"column":24},"end":{"line":34,"column":6}},"19":{"start":{"line":36,"column":4},"end":{"line":36,"column":43}},"20":{"start":{"line":37,"column":4},"end":{"line":37,"column":46}},"21":{"start":{"line":39,"column":4},"end":{"line":39,"column":30}},"22":{"start":{"line":40,"column":4},"end":{"line":40,"column":33}},"23":{"start":{"line":43,"column":4},"end":{"line":43,"column":37}},"24":{"start":{"line":44,"column":4},"end":{"line":44,"column":40}},"25":{"start":{"line":46,"column":4},"end":{"line":46,"column":24}},"26":{"start":{"line":47,"column":4},"end":{"line":47,"column":27}},"27":{"start":{"line":49,"column":4},"end":{"line":53,"column":6}},"28":{"start":{"line":55,"column":4},"end":{"line":59,"column":6}},"29":{"start":{"line":61,"column":4},"end":{"line":66,"column":5}},"30":{"start":{"line":62,"column":6},"end":{"line":65,"column":9}},"31":{"start":{"line":68,"column":4},"end":{"line":68,"column":64}},"32":{"start":{"line":70,"column":4},"end":{"line":70,"column":53}},"33":{"start":{"line":74,"column":24},"end":{"line":93,"column":1}},"34":{"start":{"line":75,"column":2},"end":{"line":92,"column":3}},"35":{"start":{"line":76,"column":25},"end":{"line":81,"column":42}},"36":{"start":{"line":83,"column":4},"end":{"line":87,"column":9}},"37":{"start":{"line":84,"column":6},"end":{"line":87,"column":9}},"38":{"start":{"line":89,"column":4},"end":{"line":89,"column":71}},"39":{"start":{"line":91,"column":4},"end":{"line":91,"column":53}},"40":{"start":{"line":95,"column":0},"end":{"line":95,"column":52}}},"fnMap":{"0":{"name":"(anonymous_0)","decl":{"start":{"line":6,"column":22},"end":{"line":6,"column":23}},"loc":{"start":{"line":6,"column":48},"end":{"line":72,"column":1}},"line":6},"1":{"name":"(anonymous_1)","decl":{"start":{"line":74,"column":24},"end":{"line":74,"column":25}},"loc":{"start":{"line":74,"column":44},"end":{"line":93,"column":1}},"line":74}},"branchMap":{"0":{"loc":{"start":{"line":9,"column":4},"end":{"line":10,"column":78}},"type":"if","locations":[{"start":{"line":9,"column":4},"end":{"line":10,"column":78}},{"start":{},"end":{}}],"line":9},"1":{"loc":{"start":{"line":13,"column":4},"end":{"line":15,"column":5}},"type":"if","locations":[{"start":{"line":13,"column":4},"end":{"line":15,"column":5}},{"start":{},"end":{}}],"line":13},"2":{"loc":{"start":{"line":13,"column":8},"end":{"line":13,"column":54}},"type":"binary-expr","locations":[{"start":{"line":13,"column":8},"end":{"line":13,"column":21}},{"start":{"line":13,"column":25},"end":{"line":13,"column":54}}],"line":13},"3":{"loc":{"start":{"line":19,"column":4},"end":{"line":21,"column":5}},"type":"if","locations":[{"start":{"line":19,"column":4},"end":{"line":21,"column":5}},{"start":{},"end":{}}],"line":19},"4":{"loc":{"start":{"line":61,"column":4},"end":{"line":66,"column":5}},"type":"if","locations":[{"start":{"line":61,"column":4},"end":{"line":66,"column":5}},{"start":{},"end":{}}],"line":61},"5":{"loc":{"start":{"line":83,"column":4},"end":{"line":87,"column":9}},"type":"if","locations":[{"start":{"line":83,"column":4},"end":{"line":87,"column":9}},{"start":{},"end":{}}],"line":83}},"s":{"0":0,"1":0,"2":0,"3":0,"4":0,"5":0,"6":0,"7":0,"8":0,"9":0,"10":0,"11":0,"12":0,"13":0,"14":0,"15":0,"16":0,"17":0,"18":0,"19":0,"20":0,"21":0,"22":0,"23":0,"24":0,"25":0,"26":0,"27":0,"28":0,"29":0,"30":0,"31":0,"32":0,"33":0,"34":0,"35":0,"36":0,"37":0,"38":0,"39":0,"40":0},"f":{"0":0,"1":0},"b":{"0":[0,0],"1":[0,0],"2":[0,0],"3":[0,0],"4":[0,0],"5":[0,0]}}
,"C:\\Users\\sanglap kundu\\OneDrive\\Desktop\\WalletManagementSystemBackend\\controllers\\userController.js": {"path":"C:\\Users\\sanglap kundu\\OneDrive\\Desktop\\WalletManagementSystemBackend\\controllers\\userController.js","statementMap":{"0":{"start":{"line":1,"column":20},"end":{"line":1,"column":52}},"1":{"start":{"line":2,"column":15},"end":{"line":2,"column":32}},"2":{"start":{"line":4,"column":24},"end":{"line":87,"column":1}},"3":{"start":{"line":5,"column":2},"end":{"line":86,"column":3}},"4":{"start":{"line":6,"column":19},"end":{"line":6,"column":31}},"5":{"start":{"line":8,"column":25},"end":{"line":11,"column":24}},"6":{"start":{"line":37,"column":25},"end":{"line":37,"column":50}},"7":{"start":{"line":38,"column":18},"end":{"line":38,"column":20}},"8":{"start":{"line":40,"column":4},"end":{"line":56,"column":5}},"9":{"start":{"line":40,"column":17},"end":{"line":40,"column":18}},"10":{"start":{"line":41,"column":24},"end":{"line":41,"column":63}},"11":{"start":{"line":42,"column":22},"end":{"line":44,"column":21}},"12":{"start":{"line":47,"column":25},"end":{"line":47,"column":60}},"13":{"start":{"line":48,"column":22},"end":{"line":48,"column":72}},"14":{"start":{"line":50,"column":6},"end":{"line":55,"column":9}},"15":{"start":{"line":59,"column":4},"end":{"line":78,"column":7}},"16":{"start":{"line":60,"column":21},"end":{"line":60,"column":36}},"17":{"start":{"line":62,"column":6},"end":{"line":77,"column":7}},"18":{"start":{"line":62,"column":19},"end":{"line":62,"column":20}},"19":{"start":{"line":63,"column":8},"end":{"line":76,"column":9}},"20":{"start":{"line":64,"column":10},"end":{"line":74,"column":11}},"21":{"start":{"line":68,"column":12},"end":{"line":68,"column":41}},"22":{"start":{"line":70,"column":12},"end":{"line":73,"column":29}},"23":{"start":{"line":75,"column":10},"end":{"line":75,"column":16}},"24":{"start":{"line":81,"column":24},"end":{"line":81,"column":78}},"25":{"start":{"line":81,"column":42},"end":{"line":81,"column":76}},"26":{"start":{"line":82,"column":4},"end":{"line":82,"column":26}},"27":{"start":{"line":84,"column":4},"end":{"line":84,"column":56}},"28":{"start":{"line":85,"column":4},"end":{"line":85,"column":63}},"29":{"start":{"line":89,"column":27},"end":{"line":127,"column":1}},"30":{"start":{"line":90,"column":2},"end":{"line":126,"column":3}},"31":{"start":{"line":91,"column":19},"end":{"line":91,"column":31}},"32":{"start":{"line":93,"column":24},"end":{"line":93,"column":48}},"33":{"start":{"line":94,"column":22},"end":{"line":94,"column":44}},"34":{"start":{"line":96,"column":18},"end":{"line":100,"column":6}},"35":{"start":{"line":102,"column":24},"end":{"line":106,"column":7}},"36":{"start":{"line":102,"column":62},"end":{"line":106,"column":5}},"37":{"start":{"line":108,"column":4},"end":{"line":120,"column":7}},"38":{"start":{"line":109,"column":25},"end":{"line":109,"column":53}},"39":{"start":{"line":110,"column":24},"end":{"line":110,"column":45}},"40":{"start":{"line":113,"column":6},"end":{"line":119,"column":7}},"41":{"start":{"line":114,"column":8},"end":{"line":114,"column":54}},"42":{"start":{"line":115,"column":13},"end":{"line":119,"column":7}},"43":{"start":{"line":116,"column":8},"end":{"line":116,"column":50}},"44":{"start":{"line":117,"column":13},"end":{"line":119,"column":7}},"45":{"start":{"line":118,"column":8},"end":{"line":118,"column":54}},"46":{"start":{"line":122,"column":4},"end":{"line":122,"column":26}},"47":{"start":{"line":124,"column":4},"end":{"line":124,"column":61}},"48":{"start":{"line":125,"column":4},"end":{"line":125,"column":61}},"49":{"start":{"line":129,"column":0},"end":{"line":129,"column":57}}},"fnMap":{"0":{"name":"(anonymous_0)","decl":{"start":{"line":4,"column":24},"end":{"line":4,"column":25}},"loc":{"start":{"line":4,"column":44},"end":{"line":87,"column":1}},"line":4},"1":{"name":"(anonymous_1)","decl":{"start":{"line":59,"column":25},"end":{"line":59,"column":26}},"loc":{"start":{"line":59,"column":33},"end":{"line":78,"column":5}},"line":59},"2":{"name":"(anonymous_2)","decl":{"start":{"line":81,"column":34},"end":{"line":81,"column":35}},"loc":{"start":{"line":81,"column":42},"end":{"line":81,"column":76}},"line":81},"3":{"name":"(anonymous_3)","decl":{"start":{"line":89,"column":27},"end":{"line":89,"column":28}},"loc":{"start":{"line":89,"column":47},"end":{"line":127,"column":1}},"line":89},"4":{"name":"(anonymous_4)","decl":{"start":{"line":102,"column":51},"end":{"line":102,"column":52}},"loc":{"start":{"line":102,"column":62},"end":{"line":106,"column":5}},"line":102},"5":{"name":"(anonymous_5)","decl":{"start":{"line":108,"column":18},"end":{"line":108,"column":19}},"loc":{"start":{"line":108,"column":26},"end":{"line":120,"column":5}},"line":108}},"branchMap":{"0":{"loc":{"start":{"line":48,"column":22},"end":{"line":48,"column":72}},"type":"cond-expr","locations":[{"start":{"line":48,"column":52},"end":{"line":48,"column":62}},{"start":{"line":48,"column":65},"end":{"line":48,"column":72}}],"line":48},"1":{"loc":{"start":{"line":63,"column":8},"end":{"line":76,"column":9}},"type":"if","locations":[{"start":{"line":63,"column":8},"end":{"line":76,"column":9}},{"start":{},"end":{}}],"line":63},"2":{"loc":{"start":{"line":64,"column":10},"end":{"line":74,"column":11}},"type":"if","locations":[{"start":{"line":64,"column":10},"end":{"line":74,"column":11}},{"start":{"line":69,"column":17},"end":{"line":74,"column":11}}],"line":64},"3":{"loc":{"start":{"line":65,"column":12},"end":{"line":66,"column":54}},"type":"binary-expr","locations":[{"start":{"line":65,"column":12},"end":{"line":65,"column":33}},{"start":{"line":66,"column":12},"end":{"line":66,"column":54}}],"line":65},"4":{"loc":{"start":{"line":71,"column":14},"end":{"line":73,"column":28}},"type":"cond-expr","locations":[{"start":{"line":72,"column":18},"end":{"line":72,"column":27}},{"start":{"line":73,"column":18},"end":{"line":73,"column":28}}],"line":71},"5":{"loc":{"start":{"line":113,"column":6},"end":{"line":119,"column":7}},"type":"if","locations":[{"start":{"line":113,"column":6},"end":{"line":119,"column":7}},{"start":{"line":115,"column":13},"end":{"line":119,"column":7}}],"line":113},"6":{"loc":{"start":{"line":113,"column":10},"end":{"line":113,"column":65}},"type":"binary-expr","locations":[{"start":{"line":113,"column":10},"end":{"line":113,"column":19}},{"start":{"line":113,"column":23},"end":{"line":113,"column":65}}],"line":113},"7":{"loc":{"start":{"line":115,"column":13},"end":{"line":119,"column":7}},"type":"if","locations":[{"start":{"line":115,"column":13},"end":{"line":119,"column":7}},{"start":{"line":117,"column":13},"end":{"line":119,"column":7}}],"line":115},"8":{"loc":{"start":{"line":117,"column":13},"end":{"line":119,"column":7}},"type":"if","locations":[{"start":{"line":117,"column":13},"end":{"line":119,"column":7}},{"start":{},"end":{}}],"line":117}},"s":{"0":0,"1":0,"2":0,"3":0,"4":0,"5":0,"6":0,"7":0,"8":0,"9":0,"10":0,"11":0,"12":0,"13":0,"14":0,"15":0,"16":0,"17":0,"18":0,"19":0,"20":0,"21":0,"22":0,"23":0,"24":0,"25":0,"26":0,"27":0,"28":0,"29":0,"30":0,"31":0,"32":0,"33":0,"34":0,"35":0,"36":0,"37":0,"38":0,"39":0,"40":0,"41":0,"42":0,"43":0,"44":0,"45":0,"46":0,"47":0,"48":0,"49":0},"f":{"0":0,"1":0,"2":0,"3":0,"4":0,"5":0},"b":{"0":[0,0],"1":[0,0],"2":[0,0],"3":[0,0],"4":[0,0],"5":[0,0],"6":[0,0],"7":[0,0],"8":[0,0]}}
,"C:\\Users\\sanglap kundu\\OneDrive\\Desktop\\WalletManagementSystemBackend\\controllers\\walletController.js": {"path":"C:\\Users\\sanglap kundu\\OneDrive\\Desktop\\WalletManagementSystemBackend\\controllers\\walletController.js","statementMap":{"0":{"start":{"line":1,"column":15},"end":{"line":1,"column":42}},"1":{"start":{"line":2,"column":20},"end":{"line":2,"column":52}},"2":{"start":{"line":3,"column":13},"end":{"line":3,"column":38}},"3":{"start":{"line":5,"column":18},"end":{"line":17,"column":1}},"4":{"start":{"line":6,"column":2},"end":{"line":16,"column":3}},"5":{"start":{"line":7,"column":19},"end":{"line":7,"column":63}},"6":{"start":{"line":9,"column":4},"end":{"line":11,"column":5}},"7":{"start":{"line":10,"column":6},"end":{"line":10,"column":67}},"8":{"start":{"line":13,"column":4},"end":{"line":13,"column":37}},"9":{"start":{"line":15,"column":4},"end":{"line":15,"column":53}},"10":{"start":{"line":19,"column":17},"end":{"line":47,"column":1}},"11":{"start":{"line":20,"column":2},"end":{"line":46,"column":3}},"12":{"start":{"line":21,"column":23},"end":{"line":21,"column":31}},"13":{"start":{"line":23,"column":4},"end":{"line":25,"column":5}},"14":{"start":{"line":24,"column":6},"end":{"line":24,"column":76}},"15":{"start":{"line":28,"column":17},"end":{"line":28,"column":25}},"16":{"start":{"line":29,"column":19},"end":{"line":29,"column":63}},"17":{"start":{"line":31,"column":4},"end":{"line":33,"column":5}},"18":{"start":{"line":32,"column":6},"end":{"line":32,"column":67}},"19":{"start":{"line":35,"column":4},"end":{"line":35,"column":35}},"20":{"start":{"line":36,"column":4},"end":{"line":36,"column":22}},"21":{"start":{"line":38,"column":4},"end":{"line":38,"column":37}},"22":{"start":{"line":39,"column":4},"end":{"line":39,"column":24}},"23":{"start":{"line":41,"column":4},"end":{"line":43,"column":74}},"24":{"start":{"line":45,"column":4},"end":{"line":45,"column":53}},"25":{"start":{"line":49,"column":0},"end":{"line":49,"column":41}}},"fnMap":{"0":{"name":"(anonymous_0)","decl":{"start":{"line":5,"column":18},"end":{"line":5,"column":19}},"loc":{"start":{"line":5,"column":44},"end":{"line":17,"column":1}},"line":5},"1":{"name":"(anonymous_1)","decl":{"start":{"line":19,"column":17},"end":{"line":19,"column":18}},"loc":{"start":{"line":19,"column":43},"end":{"line":47,"column":1}},"line":19}},"branchMap":{"0":{"loc":{"start":{"line":9,"column":4},"end":{"line":11,"column":5}},"type":"if","locations":[{"start":{"line":9,"column":4},"end":{"line":11,"column":5}},{"start":{},"end":{}}],"line":9},"1":{"loc":{"start":{"line":23,"column":4},"end":{"line":25,"column":5}},"type":"if","locations":[{"start":{"line":23,"column":4},"end":{"line":25,"column":5}},{"start":{},"end":{}}],"line":23},"2":{"loc":{"start":{"line":23,"column":8},"end":{"line":23,"column":30}},"type":"binary-expr","locations":[{"start":{"line":23,"column":8},"end":{"line":23,"column":15}},{"start":{"line":23,"column":19},"end":{"line":23,"column":30}}],"line":23},"3":{"loc":{"start":{"line":31,"column":4},"end":{"line":33,"column":5}},"type":"if","locations":[{"start":{"line":31,"column":4},"end":{"line":33,"column":5}},{"start":{},"end":{}}],"line":31}},"s":{"0":0,"1":0,"2":0,"3":0,"4":0,"5":0,"6":0,"7":0,"8":0,"9":0,"10":0,"11":0,"12":0,"13":0,"14":0,"15":0,"16":0,"17":0,"18":0,"19":0,"20":0,"21":0,"22":0,"23":0,"24":0,"25":0},"f":{"0":0,"1":0},"b":{"0":[0,0],"1":[0,0],"2":[0,0],"3":[0,0]}}
}
